<?xml version="1.0" encoding="UTF-8"?>
<!-- Generated by org.testng.reporters.JUnitXMLReporter -->
<testsuite ignored="0" hostname="DESKTOP-PRUK6UA" failures="0" tests="2" name="Test" time="0.094" errors="0" timestamp="2024-09-27T10:11:07 IST">
  <testcase classname="testCases.BaseClass" name="@BeforeClass setup" time="-1.727412067237E9">
    <failure type="org.testng.TestNGException" message="
Parameter &amp;apos;os&amp;apos; is required by BeforeClass on method setup but has not been marked @Optional or defined
in C:\WorkSpaces\TestAutomationSelenium\OpenCart_Demo\testng.xml">
      <![CDATA[org.testng.TestNGException: 
Parameter 'os' is required by BeforeClass on method setup but has not been marked @Optional or defined
in C:\WorkSpaces\TestAutomationSelenium\OpenCart_Demo\testng.xml
at java.base/java.util.ArrayList.forEach(ArrayList.java:1596)
... Removed 22 stack frames]]>
    </failure>
  </testcase> <!-- @BeforeClass setup -->
  <testcase classname="testCases.BaseClass" name="@AfterClass tearDown" time="0.0">
    <skipped/>
  </testcase> <!-- @AfterClass tearDown -->
  <testcase classname="testCases.BaseClass" name="@BeforeClass setup" time="-1.727412067288E9">
    <failure type="org.testng.TestNGException" message="
Parameter &amp;apos;os&amp;apos; is required by BeforeClass on method setup but has not been marked @Optional or defined
in C:\WorkSpaces\TestAutomationSelenium\OpenCart_Demo\testng.xml">
      <![CDATA[org.testng.TestNGException: 
Parameter 'os' is required by BeforeClass on method setup but has not been marked @Optional or defined
in C:\WorkSpaces\TestAutomationSelenium\OpenCart_Demo\testng.xml
at java.base/java.util.ArrayList.forEach(ArrayList.java:1596)
... Removed 22 stack frames]]>
    </failure>
  </testcase> <!-- @BeforeClass setup -->
  <testcase classname="testCases.BaseClass" name="@AfterClass tearDown" time="0.0">
    <skipped/>
  </testcase> <!-- @AfterClass tearDown -->
  <testcase classname="testCases.AccountLogin" name="LoginFlow" time="0.0">
    <skipped/>
  </testcase> <!-- LoginFlow -->
  <testcase classname="testCases.Account_Registration" name="AccountRegister" time="0.0">
    <skipped/>
  </testcase> <!-- AccountRegister -->
</testsuite> <!-- Test -->
